生成启动时间为 2018/1/3 18:28:27。
     1>项目“F:\VS2013\C++\RTP_MatserVoice\MFCApplication-RTP\MFCApplication-RTP\MFCApplication-RTP.vcxproj”在节点 2 上(Build 个目标)。
     1>ClCompile:
         E:\Program x86C\Microsoft Visual Studio 12.0\VC\bin\CL.exe /c /I"C:\Program Files (x86)\jrtplib\include\jrtplib3" /ZI /nologo /W3 /WX- /sdl /Od /Oy- /D WIN32 /D _WINDOWS /D _DEBUG /D _UNICODE /D UNICODE /D _AFXDLL /Gm /EHsc /RTC1 /MDd /GS /fp:precise /Zc:wchar_t /Zc:forScope /Yu"stdafx.h" /Fp"Debug\MFCApplication-RTP.pch" /Fo"Debug\\" /Fd"Debug\vc120.pdb" /Gd /TP /analyze- /errorReport:prompt "MFCApplication-RTP.cpp" "MFCApplication-RTPDlg.cpp"
         MFCApplication-RTPDlg.cpp
         MFCApplication-RTP.cpp
         正在生成代码...
       ResourceCompile:
         C:\Program Files (x86)\Windows Kits\8.1\bin\x86\rc.exe /D _DEBUG /D _UNICODE /D UNICODE /D _AFXDLL /l"0x0804" /IDebug\ /nologo /fo"Debug\MFCApplication-RTP.res" MFCApplication-RTP.rc 
       Link:
         E:\Program x86C\Microsoft Visual Studio 12.0\VC\bin\link.exe /ERRORREPORT:PROMPT /OUT:"F:\VS2013\C++\RTP_MatserVoice\MFCApplication-RTP\Debug\MFCApplication-RTP.exe" /INCREMENTAL /NOLOGO jrtplib_d.lib /MANIFEST /MANIFESTUAC:"level='asInvoker' uiAccess='false'" /manifest:embed /manifestinput:"E:\Program x86C\Microsoft Visual Studio 12.0\VC\Include\Manifest\dpiaware.manifest" /DEBUG /PDB:"F:\VS2013\C++\RTP_MatserVoice\MFCApplication-RTP\Debug\MFCApplication-RTP.pdb" /SUBSYSTEM:WINDOWS /TLBID:1 /ENTRY:"wWinMainCRTStartup" /DYNAMICBASE /NXCOMPAT /IMPLIB:"F:\VS2013\C++\RTP_MatserVoice\MFCApplication-RTP\Debug\MFCApplication-RTP.lib" /MACHINE:X86 "Debug\MFCApplication-RTP.res"
         "Debug\MFCApplication-RTP.obj"
         "Debug\MFCApplication-RTPDlg.obj"
         Debug\myrtpreceiver.obj
         Debug\myrtpsender.obj
         Debug\stdafx.obj
         MFCApplication-RTP.vcxproj -> F:\VS2013\C++\RTP_MatserVoice\MFCApplication-RTP\Debug\MFCApplication-RTP.exe
     1>已完成生成项目“F:\VS2013\C++\RTP_MatserVoice\MFCApplication-RTP\MFCApplication-RTP\MFCApplication-RTP.vcxproj”(Build 个目标)的操作。

生成成功。

已用时间 00:00:03.30
