f:\vs2013\c++\rtp_matservoice\mfcapplication-rtp\mfcapplication-rtp\debug\mfcapplication-rtp.pch
f:\vs2013\c++\rtp_matservoice\mfcapplication-rtp\mfcapplication-rtp\debug\vc120.pdb
f:\vs2013\c++\rtp_matservoice\mfcapplication-rtp\mfcapplication-rtp\debug\vc120.idb
f:\vs2013\c++\rtp_matservoice\mfcapplication-rtp\mfcapplication-rtp\debug\stdafx.obj
f:\vs2013\c++\rtp_matservoice\mfcapplication-rtp\mfcapplication-rtp\debug\mfcapplication-rtp.obj
f:\vs2013\c++\rtp_matservoice\mfcapplication-rtp\mfcapplication-rtp\debug\mfcapplication-rtpdlg.obj
f:\vs2013\c++\rtp_matservoice\mfcapplication-rtp\mfcapplication-rtp\debug\myrtp.obj
f:\vs2013\c++\rtp_matservoice\mfcapplication-rtp\debug\mfcapplication-rtp.ilk
f:\vs2013\c++\rtp_matservoice\mfcapplication-rtp\debug\mfcapplication-rtp.exe
f:\vs2013\c++\rtp_matservoice\mfcapplication-rtp\debug\mfcapplication-rtp.pdb
f:\vs2013\c++\rtp_matservoice\mfcapplication-rtp\mfcapplication-rtp\debug\mfcapplication-rtp.res
f:\vs2013\c++\rtp_matservoice\mfcapplication-rtp\mfcapplication-rtp\debug\mfcappli.e8001eab.tlog\cl.command.1.tlog
f:\vs2013\c++\rtp_matservoice\mfcapplication-rtp\mfcapplication-rtp\debug\mfcappli.e8001eab.tlog\cl.read.1.tlog
f:\vs2013\c++\rtp_matservoice\mfcapplication-rtp\mfcapplication-rtp\debug\mfcappli.e8001eab.tlog\cl.write.1.tlog
f:\vs2013\c++\rtp_matservoice\mfcapplication-rtp\mfcapplication-rtp\debug\mfcappli.e8001eab.tlog\link.command.1.tlog
f:\vs2013\c++\rtp_matservoice\mfcapplication-rtp\mfcapplication-rtp\debug\mfcappli.e8001eab.tlog\link.read.1.tlog
f:\vs2013\c++\rtp_matservoice\mfcapplication-rtp\mfcapplication-rtp\debug\mfcappli.e8001eab.tlog\link.write.1.tlog
f:\vs2013\c++\rtp_matservoice\mfcapplication-rtp\mfcapplication-rtp\debug\mfcappli.e8001eab.tlog\rc.command.1.tlog
f:\vs2013\c++\rtp_matservoice\mfcapplication-rtp\mfcapplication-rtp\debug\mfcappli.e8001eab.tlog\rc.read.1.tlog
f:\vs2013\c++\rtp_matservoice\mfcapplication-rtp\mfcapplication-rtp\debug\mfcappli.e8001eab.tlog\rc.write.1.tlog
